android/app/build/intermediates/manifest_merge_blame_file/debug/manifest-merger-blame-debug-report.txt
1<?xml version="1.0" encoding="utf-8"?>
2<manifest xmlns:android="http://schemas.android.com/apk/res/android"
3    package="com.reactnativecamera"
4    android:versionCode="1"
5    android:versionName="1.0" >
6
7    <uses-sdk
8        android:minSdkVersion="21"
9        android:targetSdkVersion="33" />
10
11    <uses-permission android:name="android.permission.SYSTEM_ALERT_WINDOW" />
11-->src\debug\AndroidManifest.xml:5:5-77
11-->src\debug\AndroidManifest.xml:5:22-75
12    <uses-permission android:name="android.permission.INTERNET" />
12-->src\main\AndroidManifest.xml:3:5-67
12-->src\main\AndroidManifest.xml:3:22-64
13    <uses-permission android:name="android.permission.CAMERA" />
13-->src\main\AndroidManifest.xml:4:5-65
13-->src\main\AndroidManifest.xml:4:22-62
14    <uses-permission android:name="android.permission.WRITE_EXTERNAL_STORAGE" />
14-->src\main\AndroidManifest.xml:5:5-81
14-->src\main\AndroidManifest.xml:5:22-78
15    <uses-permission android:name="android.permission.RECORD_AUDIO" />
15-->src\main\AndroidManifest.xml:6:5-71
15-->src\main\AndroidManifest.xml:6:22-68
16    <uses-permission android:name="android.permission.ACCESS_WIFI_STATE" />
16-->[com.facebook.flipper:flipper:0.182.0] AndroidManifest.xml:16:5-76
16-->[com.facebook.flipper:flipper:0.182.0] AndroidManifest.xml:16:22-73
17    <uses-permission android:name="android.permission.READ_EXTERNAL_STORAGE" />
18
19    <queries>
19-->[:react-native-image-crop-picker] AndroidManifest.xml:7:5-11:15
20        <intent>
20-->[:react-native-image-crop-picker] AndroidManifest.xml:8:9-10:18
21            <action android:name="android.media.action.IMAGE_CAPTURE" />
21-->[:react-native-image-crop-picker] AndroidManifest.xml:9:13-73
21-->[:react-native-image-crop-picker] AndroidManifest.xml:9:21-70
22        </intent>
23    </queries>
24
25    <application
25-->src\main\AndroidManifest.xml:10:5-29:19
26        android:name="com.reactnativecamera.MainApplication"
26-->src\main\AndroidManifest.xml:11:7-38
27        android:allowBackup="false"
27-->src\main\AndroidManifest.xml:15:7-34
28        android:appComponentFactory="androidx.core.app.CoreComponentFactory"
28-->[androidx.core:core:1.7.0] AndroidManifest.xml:24:18-86
29        android:debuggable="true"
30        android:icon="@mipmap/ic_launcher"
30-->src\main\AndroidManifest.xml:13:7-41
31        android:label="@string/app_name"
31-->src\main\AndroidManifest.xml:12:7-39
32        android:roundIcon="@mipmap/ic_launcher_round"
32-->src\main\AndroidManifest.xml:14:7-52
33        android:theme="@style/AppTheme"
33-->src\main\AndroidManifest.xml:16:7-38
34        android:usesCleartextTraffic="true" >
34-->src\debug\AndroidManifest.xml:8:9-44
35        <activity
35-->src\debug\AndroidManifest.xml:11:9-111
36            android:name="com.facebook.react.devsupport.DevSettingsActivity"
36-->src\debug\AndroidManifest.xml:11:19-83
37            android:exported="false" />
37-->src\debug\AndroidManifest.xml:11:84-108
38        <activity
38-->src\main\AndroidManifest.xml:17:7-28:18
39            android:name="com.reactnativecamera.MainActivity"
39-->src\main\AndroidManifest.xml:18:9-37
40            android:configChanges="keyboard|keyboardHidden|orientation|screenLayout|screenSize|smallestScreenSize|uiMode"
40-->src\main\AndroidManifest.xml:20:9-118
41            android:exported="true"
41-->src\main\AndroidManifest.xml:23:9-32
42            android:label="@string/app_name"
42-->src\main\AndroidManifest.xml:19:9-41
43            android:launchMode="singleTask"
43-->src\main\AndroidManifest.xml:21:9-40
44            android:windowSoftInputMode="adjustResize" >
44-->src\main\AndroidManifest.xml:22:9-51
45            <intent-filter>
45-->src\main\AndroidManifest.xml:24:9-27:25
46                <action android:name="android.intent.action.MAIN" />
46-->src\main\AndroidManifest.xml:25:13-65
46-->src\main\AndroidManifest.xml:25:21-62
47
48                <category android:name="android.intent.category.LAUNCHER" />
48-->src\main\AndroidManifest.xml:26:13-73
48-->src\main\AndroidManifest.xml:26:23-70
49            </intent-filter>
50        </activity>
51
52        <provider
52-->[:react-native-image-crop-picker] AndroidManifest.xml:16:9-24:20
53            android:name="com.reactnative.ivpusic.imagepicker.IvpusicImagePickerFileProvider"
53-->[:react-native-image-crop-picker] AndroidManifest.xml:17:13-94
54            android:authorities="com.reactnativecamera.provider"
54-->[:react-native-image-crop-picker] AndroidManifest.xml:18:13-60
55            android:exported="false"
55-->[:react-native-image-crop-picker] AndroidManifest.xml:19:13-37
56            android:grantUriPermissions="true" >
56-->[:react-native-image-crop-picker] AndroidManifest.xml:20:13-47
57            <meta-data
57-->[:react-native-image-crop-picker] AndroidManifest.xml:21:13-23:78
58                android:name="android.support.FILE_PROVIDER_PATHS"
58-->[:react-native-image-crop-picker] AndroidManifest.xml:22:17-67
59                android:resource="@xml/ivpusic_imagepicker_provider_paths" />
59-->[:react-native-image-crop-picker] AndroidManifest.xml:23:17-75
60        </provider>
61
62        <activity
62-->[:react-native-image-crop-picker] AndroidManifest.xml:26:9-28:72
63            android:name="com.yalantis.ucrop.UCropActivity"
63-->[:react-native-image-crop-picker] AndroidManifest.xml:27:13-60
64            android:theme="@style/Theme.AppCompat.Light.NoActionBar" />
64-->[:react-native-image-crop-picker] AndroidManifest.xml:28:13-69
65
66        <provider
66-->[:react-native-image-picker] AndroidManifest.xml:8:9-16:20
67            android:name="com.imagepicker.ImagePickerProvider"
67-->[:react-native-image-picker] AndroidManifest.xml:9:13-63
68            android:authorities="com.reactnativecamera.imagepickerprovider"
68-->[:react-native-image-picker] AndroidManifest.xml:10:13-71
69            android:exported="false"
69-->[:react-native-image-picker] AndroidManifest.xml:11:13-37
70            android:grantUriPermissions="true" >
70-->[:react-native-image-picker] AndroidManifest.xml:12:13-47
71            <meta-data
71-->[:react-native-image-crop-picker] AndroidManifest.xml:21:13-23:78
72                android:name="android.support.FILE_PROVIDER_PATHS"
72-->[:react-native-image-crop-picker] AndroidManifest.xml:22:17-67
73                android:resource="@xml/imagepicker_provider_paths" />
73-->[:react-native-image-crop-picker] AndroidManifest.xml:23:17-75
74        </provider>
75
76        <meta-data
76-->[com.facebook.soloader:soloader:0.10.5] AndroidManifest.xml:12:9-14:37
77            android:name="com.facebook.soloader.enabled"
77-->[com.facebook.soloader:soloader:0.10.5] AndroidManifest.xml:13:13-57
78            android:value="false" />
78-->[com.facebook.soloader:soloader:0.10.5] AndroidManifest.xml:14:13-34
79
80        <provider
80-->[androidx.emoji2:emoji2:1.0.0] AndroidManifest.xml:26:9-34:20
81            android:name="androidx.startup.InitializationProvider"
81-->[androidx.emoji2:emoji2:1.0.0] AndroidManifest.xml:27:13-67
82            android:authorities="com.reactnativecamera.androidx-startup"
82-->[androidx.emoji2:emoji2:1.0.0] AndroidManifest.xml:28:13-68
83            android:exported="false" >
83-->[androidx.emoji2:emoji2:1.0.0] AndroidManifest.xml:29:13-37
84            <meta-data
84-->[androidx.emoji2:emoji2:1.0.0] AndroidManifest.xml:31:13-33:52
85                android:name="androidx.emoji2.text.EmojiCompatInitializer"
85-->[androidx.emoji2:emoji2:1.0.0] AndroidManifest.xml:32:17-75
86                android:value="androidx.startup" />
86-->[androidx.emoji2:emoji2:1.0.0] AndroidManifest.xml:33:17-49
87            <meta-data
87-->[androidx.lifecycle:lifecycle-process:2.4.0] AndroidManifest.xml:31:13-33:52
88                android:name="androidx.lifecycle.ProcessLifecycleInitializer"
88-->[androidx.lifecycle:lifecycle-process:2.4.0] AndroidManifest.xml:32:17-78
89                android:value="androidx.startup" />
89-->[androidx.lifecycle:lifecycle-process:2.4.0] AndroidManifest.xml:33:17-49
90        </provider>
91    </application>
92
93</manifest>